<?xml version="1.0" encoding="UTF-8"?>
<testsuite name="runners.Runner" tests="1" skipped="0" failures="0" errors="0" timestamp="2024-09-19T20:17:58" hostname="DESKTOP-C811HQK" time="26.895">
  <properties/>
  <testcase name="ingresar a la pagina Orange" classname="runners.Runner" time="26.895"/>
  <system-out><![CDATA[15:17:58.553 [Test worker] INFO  i.c.core.plugin.SerenityReporter - Running feature from file:///C:/Users/USUARIO/PruebaOrange/src/test/resources/features/orange.feature
15:17:58.883 [Test worker] INFO   - 

-------------------------------------------------------------------------------------
     _______. _______ .______       _______ .__   __.  __  .___________.____    ____ 
    /       ||   ____||   _  \     |   ____||  \ |  | |  | |           |\   \  /   / 
   |   (----`|  |__   |  |_)  |    |  |__   |   \|  | |  | `---|  |----` \   \/   /  
    \   \    |   __|  |      /     |   __|  |  . `  | |  |     |  |       \_    _/   
.----)   |   |  |____ |  |\  \----.|  |____ |  |\   | |  |     |  |         |  |     
|_______/    |_______|| _| `._____||_______||__| \__| |__|     |__|         |__|    
                                                                                     
 News and tutorials at http://www.serenity-bdd.info                                  
 Documentation at https://wakaleo.gitbooks.io/the-serenity-book/content/             
 Join the Serenity Community on Gitter: https://gitter.im/serenity-bdd/serenity-core 
 Serenity BDD Support and Training at http://serenity-bdd.info/#/trainingandsupport  
-------------------------------------------------------------------------------------

15:17:58.899 [Test worker] INFO   - Test Suite Started: ingresar en pag web
15:17:58.930 [Test worker] INFO  i.c.core.plugin.SerenityReporter - Running feature from file:///C:/Users/USUARIO/PruebaOrange/src/test/resources/features/orange.feature
15:17:58.938 [Test worker] INFO   - Test Suite Started: ingresar en pag web
15:17:59.070 [Test worker] INFO  i.c.core.plugin.SerenityReporter - Running feature from file:///C:/Users/USUARIO/PruebaOrange/src/test/resources/features/orange.feature
15:17:59.111 [Test worker] INFO   - 
  _____   ___   ___   _____     ___   _____     _     ___   _____   ___   ___  
 |_   _| | __| / __| |_   _|   / __| |_   _|   /_\   | _ \ |_   _| | __| |   \ 
   | |   | _|  \__ \   | |     \__ \   | |    / _ \  |   /   | |   | _|  | |) |
   |_|   |___| |___/   |_|     |___/   |_|   /_/ \_\ |_|_\   |_|   |___| |___/ 

ingresar a la pagina Orange(ingresar-en-pag-web;ingresar-a-la-pagina-orange)
--------------------------------------------------------------------------------
15:17:59.943 [Test worker] INFO  n.s.c.w.d.DriverProvider - Using WebDriverManager configuration for edge
15:18:00.621 [Test worker] INFO  i.g.bonigarcia.wdm.WebDriverManager - Using msedgedriver 128.0.2739.79 (resolved driver for Edge 128)
15:18:00.655 [Test worker] INFO  i.g.bonigarcia.wdm.WebDriverManager - Exporting webdriver.edge.driver as C:\Users\USUARIO\.cache\selenium\msedgedriver\win64\128.0.2739.79\msedgedriver.exe
15:18:25.285 [Test worker] INFO   - 
  _____   ___   ___   _____     ___     _     ___   ___   ___   ___  
 |_   _| | __| / __| |_   _|   | _ \   /_\   / __| / __| | __| |   \ 
   | |   | _|  \__ \   | |     |  _/  / _ \  \__ \ \__ \ | _|  | |) |
   |_|   |___| |___/   |_|     |_|   /_/ \_\ |___/ |___/ |___| |___/ 

ingresar a la pagina Orange
----------------------------------------------------------------------
]]></system-out>
  <system-err><![CDATA[?[32m?[1m??????????????????????????????????????????????????????????????????????????????????????[0m
?[32m?[1m??[0m Share your Cucumber Report with your team at ?[36m?[1m?[4mhttps://reports.cucumber.io?[0m          ?[32m?[1m??[0m
?[32m?[1m??[0m Activate publishing with one of the following:                                    ?[32m?[1m??[0m
?[32m?[1m??[0m                                                                                   ?[32m?[1m??[0m
?[32m?[1m??[0m src/test/resources/cucumber.properties:          ?[36mcucumber.publish.enabled?[0m=?[36mtrue?[0m    ?[32m?[1m??[0m
?[32m?[1m??[0m src/test/resources/junit-platform.properties:    ?[36mcucumber.publish.enabled?[0m=?[36mtrue?[0m    ?[32m?[1m??[0m
?[32m?[1m??[0m Environment variable:                            ?[36mCUCUMBER_PUBLISH_ENABLED?[0m=?[36mtrue?[0m    ?[32m?[1m??[0m
?[32m?[1m??[0m JUnit:                                           ?[36m@CucumberOptions?[0m(publish = ?[36mtrue?[0m) ?[32m?[1m??[0m
?[32m?[1m??[0m                                                                                   ?[32m?[1m??[0m
?[32m?[1m??[0m More information at ?[36mhttps://cucumber.io/docs/cucumber/environment-variables/?[0m      ?[32m?[1m??[0m
?[32m?[1m??[0m                                                                                   ?[32m?[1m??[0m
?[32m?[1m??[0m Disable this message with one of the following:                                   ?[32m?[1m??[0m
?[32m?[1m??[0m                                                                                   ?[32m?[1m??[0m
?[32m?[1m??[0m src/test/resources/cucumber.properties:          ?[36mcucumber.publish.quiet?[0m=?[36mtrue?[0m      ?[32m?[1m??[0m
?[32m?[1m??[0m src/test/resources/junit-platform.properties:    ?[36mcucumber.publish.quiet?[0m=?[36mtrue?[0m      ?[32m?[1m??[0m
?[32m?[1m??????????????????????????????????????????????????????????????????????????????????????[0m
]]></system-err>
</testsuite>
